<?xml version="1.0" encoding="UTF-8"?>
<!-- Generated by org.testng.reporters.JUnitReportReporter -->
<testsuite skipped="0" hostname="LAPTOP-I5I325BH" name="testBase.TestRoughRun" tests="2" failures="0" timestamp="29 Feb 2020 09:44:23 GMT" time="20.898" errors="0">
  <testcase name="testingExcel" time="1.157" classname="testBase.TestRoughRun"/>
  <testcase name="browserSetup" time="19.741" classname="testBase.TestRoughRun"/>
</testsuite> <!-- testBase.TestRoughRun -->
