<?xml version="1.0" encoding="UTF-8"?>
<!-- Generated by org.testng.reporters.JUnitReportReporter -->
<testsuite skipped="0" hostname="LAPTOP-I5I325BH" name="applicationPages.TestRoughRun" tests="2" failures="0" timestamp="24 Feb 2020 17:40:00 GMT" time="21.781" errors="0">
  <testcase name="browserSetup" time="20.347" classname="applicationPages.TestRoughRun"/>
  <testcase name="clickSingIn" time="1.434" classname="applicationPages.TestRoughRun"/>
</testsuite> <!-- applicationPages.TestRoughRun -->
